[2023-05-14T00:27:32.409] [DEBUG] cpptips - root path c:\Users\18064\projects\Fudan_Digital_EDA
[2023-05-14T00:27:32.435] [DEBUG] cpptips - path not root: c:\Users\18064\projects\Fudan_Digital_EDA\src\HLS.cpp src\HLS.cpp c:/Users/18064/projects/Fudan_Digital_EDA/
[2023-05-14T00:27:32.436] [INFO] cpptips - src\HLS.cpp
[2023-05-14T00:27:32.436] [DEBUG] cpptips - debug: file:///c%3A/Users/18064/projects/Fudan_Digital_EDA/src/HLS.cpp c:/Users/18064/projects/Fudan_Digital_EDA/ src\HLS.cpp
[2023-05-14T00:27:32.445] [DEBUG] cpptips - userconfig {"needLoadLinkDir":[],"needLoadDir":[],"ignorDir":[],"ignoreFileAndDir":["^[.~]{1,1}[.]{1,128}$","^.*_tools_pb\\.(cpp|h)$","^.*testimpl_pb\\.(cpp|h)$","^.*\\.pb\\.(cc|h)$","^(sk_|sm_)[a-z0-9_.]{1,128}$","^mm3rd$","^lib32$","^lib64$","^lib64_debug$","^lib64_release$","^lib32_debug$","^lib32_release$","^debug$","^release$","^win32$","^bin$","^\\.svn$","^\\.git$","^\\.vscode$","^build64_fastbuild$"],"updateCheckIntervalTime":600000000,"defaultbuildscript":"function GetBuildCommands(hander, dirname, isCommd = true){\n\tlet commids = {\n\t\t'make':'make clean; make -j 8;mv a.out /tmp/;'\n\t};\n\thander.CallBack(0, commids, dirname);\n}","updateCheckUrl":"http://9.134.38.144:8888","buildParams":""}
[2023-05-14T00:27:32.446] [INFO] cpptips - config: {
  basedir: 'c:/Users/18064/projects/Fudan_Digital_EDA/',
  dbpath: 'c:/Users/18064/projects/Fudan_Digital_EDA//.vscode/db/cpptips.db',
  showsql: 0,
  extpath: 'c:\\Users\\18064\\.vscode\\extensions\\widyhu.cpptips-0.4.14',
  userConfig: {
    needLoadLinkDir: [],
    needLoadDir: [],
    ignorDir: [],
    ignoreFileAndDir: [
      '^[.~]{1,1}[.]{1,128}$',
      '^.*_tools_pb\\.(cpp|h)$',
      '^.*testimpl_pb\\.(cpp|h)$',
      '^.*\\.pb\\.(cc|h)$',
      '^(sk_|sm_)[a-z0-9_.]{1,128}$',
      '^mm3rd$',
      '^lib32$',
      '^lib64$',
      '^lib64_debug$',
      '^lib64_release$',
      '^lib32_debug$',
      '^lib32_release$',
      '^debug$',
      '^release$',
      '^win32$',
      '^bin$',
      '^\\.svn$',
      '^\\.git$',
      '^\\.vscode$',
      '^build64_fastbuild$'
    ],
    updateCheckIntervalTime: 600000000,
    defaultbuildscript: 'function GetBuildCommands(hander, dirname, isCommd = true){\n' +
      '\tlet commids = {\n' +
      "\t\t'make':'make clean; make -j 8;mv a.out /tmp/;'\n" +
      '\t};\n' +
      '\thander.CallBack(0, commids, dirname);\n' +
      '}',
    updateCheckUrl: 'http://9.134.38.144:8888',
    buildParams: ''
  }
}
[2023-05-14T00:27:32.447] [INFO] cpptips - db path! c:/Users/18064/projects/Fudan_Digital_EDA//.vscode/db/cpptips.db c:/Users/18064/projects/Fudan_Digital_EDA//.vscode/db
[2023-05-14T00:27:32.448] [INFO] cpptips - KeyWordStore in constructor
[2023-05-14T00:27:32.448] [INFO] cpptips - databasepath: c:/Users/18064/projects/Fudan_Digital_EDA//.vscode/db/cpptips.db
[2023-05-14T00:27:32.454] [INFO] cpptips - FileIndexStore in constructor
[2023-05-14T00:27:32.456] [INFO] cpptips - begin _initSystemIncludeIndex!
[2023-05-14T00:27:32.505] [DEBUG] cpptips - path not root: c:\Users\18064\projects\Fudan_Digital_EDA\src\HLS.cpp src\HLS.cpp c:/Users/18064/projects/Fudan_Digital_EDA/
[2023-05-14T00:27:32.506] [DEBUG] cpptips - begin getDocumentTree
[2023-05-14T00:27:32.506] [MARK] cpptips - getDocumentTree
[2023-05-14T00:27:32.507] [MARK] cpptips - Analyse
[2023-05-14T00:27:32.524] [MARK] cpptips - Analyse
[2023-05-14T00:27:32.524] [MARK] cpptips - getDocumentStruct
[2023-05-14T00:27:32.527] [MARK] cpptips - getDocumentStruct
[2023-05-14T00:27:32.527] [MARK] cpptips - getDocumentTree
[2023-05-14T00:27:32.527] [DEBUG] cpptips - begin getDepsInDefineJson
[2023-05-14T00:27:32.527] [MARK] cpptips - getDepsInDefineJson
[2023-05-14T00:27:32.530] [MARK] cpptips - getDepsInDefineJson
[2023-05-14T00:27:32.900] [INFO] cpptips - begin _reloadAllIncludeFile!
[2023-05-14T00:27:32.907] [DEBUG] cpptips - _reloadAllIncludeFile {"msg_type":0,"data":{"basepath":"c:/Users/18064/projects/Fudan_Digital_EDA/","dbpath":"c:/Users/18064/projects/Fudan_Digital_EDA//.vscode/db/cpptips.db","userConfig":{"needLoadLinkDir":[],"needLoadDir":[],"ignorDir":[],"ignoreFileAndDir":["^[.~]{1,1}[.]{1,128}$","^.*_tools_pb\\.(cpp|h)$","^.*testimpl_pb\\.(cpp|h)$","^.*\\.pb\\.(cc|h)$","^(sk_|sm_)[a-z0-9_.]{1,128}$","^mm3rd$","^lib32$","^lib64$","^lib64_debug$","^lib64_release$","^lib32_debug$","^lib32_release$","^debug$","^release$","^win32$","^bin$","^\\.svn$","^\\.git$","^\\.vscode$","^build64_fastbuild$"],"updateCheckIntervalTime":600000000,"defaultbuildscript":"function GetBuildCommands(hander, dirname, isCommd = true){\n\tlet commids = {\n\t\t'make':'make clean; make -j 8;mv a.out /tmp/;'\n\t};\n\thander.CallBack(0, commids, dirname);\n}","updateCheckUrl":"http://9.134.38.144:8888","buildParams":""}}}
[2023-05-14T00:27:33.695] [DEBUG] cpptips - success
[2023-05-14T00:27:33.696] [ERROR] cpptips - not find t_keyword, create table now
[2023-05-14T00:27:47.532] [DEBUG] cpptips - path not root: c:\Users\18064\projects\Fudan_Digital_EDA\src\HLS.cpp src\HLS.cpp c:/Users/18064/projects/Fudan_Digital_EDA/
[2023-05-14T00:27:47.532] [INFO] cpptips - 277 48
[2023-05-14T00:27:47.532] [DEBUG] cpptips - begin getDefinePoint
[2023-05-14T00:27:47.532] [MARK] cpptips - getDefinePoint
[2023-05-14T00:27:47.535] [MARK] cpptips - getDefinePoint
[2023-05-14T00:27:48.690] [DEBUG] cpptips - path not root: c:\Users\18064\projects\Fudan_Digital_EDA\src\HLS.cpp src\HLS.cpp c:/Users/18064/projects/Fudan_Digital_EDA/
[2023-05-14T00:27:48.690] [INFO] cpptips - 277 6
[2023-05-14T00:27:48.690] [DEBUG] cpptips - begin getDefinePoint
[2023-05-14T00:27:48.690] [MARK] cpptips - getDefinePoint
[2023-05-14T00:27:48.690] [MARK] cpptips - getDefinePoint
[2023-05-14T00:28:35.569] [DEBUG] cpptips - path not root: c:\Users\18064\projects\Fudan_Digital_EDA\src\HLS.cpp src\HLS.cpp c:/Users/18064/projects/Fudan_Digital_EDA/
[2023-05-14T00:28:35.569] [INFO] cpptips - 16 9
[2023-05-14T00:28:35.569] [DEBUG] cpptips - begin getDefinePoint
[2023-05-14T00:28:35.569] [MARK] cpptips - getDefinePoint
[2023-05-14T00:28:35.570] [INFO] cpptips - _filename: c:/Users/18064/projects/Fudan_Digital_EDA//src\HLS.cpp
[2023-05-14T00:28:35.570] [MARK] cpptips - getDefinePoint
[2023-05-14T00:28:35.902] [DEBUG] cpptips - path not root: c:\Users\18064\projects\Fudan_Digital_EDA\src\HLS.cpp src\HLS.cpp c:/Users/18064/projects/Fudan_Digital_EDA/
[2023-05-14T00:28:35.903] [DEBUG] cpptips - pos: 16 10
[2023-05-14T00:28:35.903] [DEBUG] cpptips - line: void HLS::generate_CFG()
[2023-05-14T00:28:35.903] [DEBUG] cpptips - begin getDefinePoint
[2023-05-14T00:28:35.903] [MARK] cpptips - getDefinePoint
[2023-05-14T00:28:35.903] [MARK] cpptips - getDefinePoint
[2023-05-14T00:28:36.232] [DEBUG] cpptips - path not root: c:\Users\18064\projects\Fudan_Digital_EDA\src\HLS.cpp src\HLS.cpp c:/Users/18064/projects/Fudan_Digital_EDA/
[2023-05-14T00:28:36.232] [DEBUG] cpptips - pos: 15 24
[2023-05-14T00:28:36.232] [DEBUG] cpptips - line: 但因为phi操作代表的依赖是或关系，而且中间存在branch */
[2023-05-14T00:28:36.232] [DEBUG] cpptips - begin getDefinePoint
[2023-05-14T00:28:36.232] [MARK] cpptips - getDefinePoint
[2023-05-14T00:28:36.232] [MARK] cpptips - getDefinePoint
[2023-05-14T00:28:36.316] [DEBUG] cpptips - path not root: c:\Users\18064\projects\Fudan_Digital_EDA\src\HLS.cpp src\HLS.cpp c:/Users/18064/projects/Fudan_Digital_EDA/
[2023-05-14T00:28:36.316] [DEBUG] cpptips - pos: 14 26
[2023-05-14T00:28:36.316] [DEBUG] cpptips - line: 最后这个操作将整个函数变成一个完整的，因为循环存在，图是有环的
[2023-05-14T00:28:36.316] [DEBUG] cpptips - begin getDefinePoint
[2023-05-14T00:28:36.316] [MARK] cpptips - getDefinePoint
[2023-05-14T00:28:36.316] [MARK] cpptips - getDefinePoint
[2023-05-14T00:28:55.046] [INFO] cpptips - Set {}
[2023-05-14T00:30:26.636] [DEBUG] cpptips - path not root: c:\Users\18064\projects\Fudan_Digital_EDA\src\control_logic.h src\control_logic.h c:/Users/18064/projects/Fudan_Digital_EDA/
[2023-05-14T00:30:26.636] [INFO] cpptips - src\control_logic.h
[2023-05-14T00:30:26.636] [DEBUG] cpptips - debug: file:///c%3A/Users/18064/projects/Fudan_Digital_EDA/src/control_logic.h c:/Users/18064/projects/Fudan_Digital_EDA/ src\control_logic.h
[2023-05-14T00:30:26.651] [DEBUG] cpptips - path not root: c:\Users\18064\projects\Fudan_Digital_EDA\src\control_logic.h src\control_logic.h c:/Users/18064/projects/Fudan_Digital_EDA/
[2023-05-14T00:30:26.652] [DEBUG] cpptips - begin getDocumentTree
[2023-05-14T00:30:26.652] [MARK] cpptips - getDocumentTree
[2023-05-14T00:30:26.652] [MARK] cpptips - Analyse
[2023-05-14T00:30:26.663] [MARK] cpptips - Analyse
[2023-05-14T00:30:26.663] [MARK] cpptips - getDocumentStruct
[2023-05-14T00:30:26.667] [MARK] cpptips - getDocumentStruct
[2023-05-14T00:30:26.667] [MARK] cpptips - getDocumentTree
[2023-05-14T00:30:26.667] [DEBUG] cpptips - begin getDepsInDefineJson
[2023-05-14T00:30:26.667] [MARK] cpptips - getDepsInDefineJson
[2023-05-14T00:30:26.676] [MARK] cpptips - getDepsInDefineJson
[2023-05-14T00:30:28.219] [DEBUG] cpptips - success
[2023-05-14T00:31:48.479] [DEBUG] cpptips - path not root: c:\Users\18064\projects\Fudan_Digital_EDA\src\src\HLS.cpp src\src\HLS.cpp c:/Users/18064/projects/Fudan_Digital_EDA/
[2023-05-14T00:31:48.480] [INFO] cpptips - src\src\HLS.cpp
[2023-05-14T00:31:48.480] [DEBUG] cpptips - debug: file:///c%3A/Users/18064/projects/Fudan_Digital_EDA/src/src/HLS.cpp c:/Users/18064/projects/Fudan_Digital_EDA/ src\src\HLS.cpp
[2023-05-14T00:31:48.516] [DEBUG] cpptips - path not root: c:\Users\18064\projects\Fudan_Digital_EDA\src\src\HLS.cpp src\src\HLS.cpp c:/Users/18064/projects/Fudan_Digital_EDA/
[2023-05-14T00:31:48.516] [DEBUG] cpptips - begin getDocumentTree
[2023-05-14T00:31:48.516] [MARK] cpptips - getDocumentTree
[2023-05-14T00:31:48.517] [MARK] cpptips - Analyse
[2023-05-14T00:31:48.526] [MARK] cpptips - Analyse
[2023-05-14T00:31:48.526] [MARK] cpptips - getDocumentStruct
[2023-05-14T00:31:48.527] [MARK] cpptips - getDocumentStruct
[2023-05-14T00:31:48.528] [MARK] cpptips - getDocumentTree
[2023-05-14T00:31:48.528] [DEBUG] cpptips - begin getDepsInDefineJson
[2023-05-14T00:31:48.528] [MARK] cpptips - getDepsInDefineJson
[2023-05-14T00:31:48.528] [MARK] cpptips - getDepsInDefineJson
[2023-05-14T00:31:49.944] [DEBUG] cpptips - success
[2023-05-14T00:31:50.764] [DEBUG] cpptips - path not root: c:\Users\18064\projects\Fudan_Digital_EDA\src\src\HLS.cpp src\src\HLS.cpp c:/Users/18064/projects/Fudan_Digital_EDA/
[2023-05-14T00:31:50.764] [INFO] cpptips - 33 59
[2023-05-14T00:31:50.764] [DEBUG] cpptips - begin getDefinePoint
[2023-05-14T00:31:50.764] [MARK] cpptips - getDefinePoint
[2023-05-14T00:31:50.765] [MARK] cpptips - getDefinePoint
[2023-05-14T00:31:52.871] [DEBUG] cpptips - on onShutdown
